10:25:29 PM  [main] 	Initializing Control Panel
10:25:29 PM  [main] 	Windows Version:  Enterprise  64-bit
10:25:29 PM  [main] 	XAMPP Version: 8.2.12
10:25:29 PM  [main] 	Control Panel Version: 3.3.0  [ Compiled: Apr 6th 2021 ]
10:25:29 PM  [main] 	Running with Administrator rights - good!
10:25:29 PM  [main] 	XAMPP Installation Directory: "c:\xampp\"
10:25:29 PM  [main] 	Checking for prerequisites
10:25:32 PM  [main] 	All prerequisites found
10:25:32 PM  [main] 	Initializing Modules
10:25:32 PM  [main] 	Starting Check-Timer
10:25:32 PM  [main] 	Control Panel Ready
10:25:35 PM  [Apache] 	Attempting to start Apache app...
10:25:35 PM  [Apache] 	Status change detected: running
10:25:37 PM  [mysql] 	Attempting to start MySQL app...
10:25:38 PM  [mysql] 	Status change detected: running
10:25:39 PM  [mysql] 	Status change detected: stopped
10:25:39 PM  [mysql] 	Error: MySQL shutdown unexpectedly.
10:25:39 PM  [mysql] 	This may be due to a blocked port, missing dependencies, 
10:25:39 PM  [mysql] 	improper privileges, a crash, or a shutdown by another method.
10:25:39 PM  [mysql] 	Press the Logs button to view error logs and check
10:25:39 PM  [mysql] 	the Windows Event Viewer for more clues
10:25:39 PM  [mysql] 	If you need more help, copy and post this
10:25:39 PM  [mysql] 	entire log window on the forums
10:25:48 PM  [mysql] 	Attempting to start MySQL app...
10:25:49 PM  [mysql] 	Status change detected: running
1:10:52 AM  [main] 	Deinitializing Modules
1:10:52 AM  [main] 	Deinitializing Control Panel

2:43:48 PM  [main] 	Initializing Control Panel
2:43:48 PM  [main] 	Windows Version:  Enterprise  64-bit
2:43:48 PM  [main] 	XAMPP Version: 8.2.12
2:43:48 PM  [main] 	Control Panel Version: 3.3.0  [ Compiled: Apr 6th 2021 ]
2:43:48 PM  [main] 	Running with Administrator rights - good!
2:43:48 PM  [main] 	XAMPP Installation Directory: "c:\xampp\"
2:43:48 PM  [main] 	Checking for prerequisites
2:43:51 PM  [main] 	All prerequisites found
2:43:51 PM  [main] 	Initializing Modules
2:43:51 PM  [main] 	Starting Check-Timer
2:43:51 PM  [main] 	Control Panel Ready
2:43:58 PM  [Apache] 	Attempting to start Apache app...
2:43:59 PM  [Apache] 	Status change detected: running
2:43:59 PM  [mysql] 	Attempting to start MySQL app...
2:44:00 PM  [mysql] 	Status change detected: running
3:27:31 PM  [main] 	Deinitializing Modules
3:27:31 PM  [main] 	Deinitializing Control Panel

9:15:45 PM  [main] 	Initializing Control Panel
9:15:45 PM  [main] 	Windows Version:  Enterprise  64-bit
9:15:45 PM  [main] 	XAMPP Version: 8.2.12
9:15:45 PM  [main] 	Control Panel Version: 3.3.0  [ Compiled: Apr 6th 2021 ]
9:15:45 PM  [main] 	Running with Administrator rights - good!
9:15:45 PM  [main] 	XAMPP Installation Directory: "c:\xampp\"
9:15:45 PM  [main] 	Checking for prerequisites
9:15:47 PM  [main] 	All prerequisites found
9:15:47 PM  [main] 	Initializing Modules
9:15:47 PM  [main] 	Starting Check-Timer
9:15:47 PM  [main] 	Control Panel Ready
9:15:50 PM  [Apache] 	Attempting to start Apache app...
9:15:50 PM  [Apache] 	Status change detected: running
9:15:51 PM  [mysql] 	Attempting to start MySQL app...
9:15:52 PM  [mysql] 	Status change detected: running
9:34:52 PM  [main] 	Deinitializing Modules
9:34:52 PM  [main] 	Deinitializing Control Panel

4:02:17 PM  [main] 	Initializing Control Panel
4:02:17 PM  [main] 	Windows Version:  Enterprise  64-bit
4:02:17 PM  [main] 	XAMPP Version: 8.2.12
4:02:17 PM  [main] 	Control Panel Version: 3.3.0  [ Compiled: Apr 6th 2021 ]
4:02:17 PM  [main] 	Running with Administrator rights - good!
4:02:17 PM  [main] 	XAMPP Installation Directory: "c:\xampp\"
4:02:17 PM  [main] 	Checking for prerequisites
4:02:19 PM  [main] 	All prerequisites found
4:02:19 PM  [main] 	Initializing Modules
4:02:19 PM  [main] 	Starting Check-Timer
4:02:19 PM  [main] 	Control Panel Ready
4:02:24 PM  [mysql] 	Attempting to start MySQL app...
4:02:24 PM  [mysql] 	Status change detected: running
4:02:25 PM  [Apache] 	Attempting to start Apache app...
4:02:25 PM  [Apache] 	Status change detected: running
2:30:20 PM  [main] 	Deinitializing Modules
2:30:20 PM  [main] 	Deinitializing Control Panel

9:34:16 PM  [main] 	Initializing Control Panel
9:34:16 PM  [main] 	Windows Version:  Enterprise  64-bit
9:34:16 PM  [main] 	XAMPP Version: 8.2.12
9:34:16 PM  [main] 	Control Panel Version: 3.3.0  [ Compiled: Apr 6th 2021 ]
9:34:16 PM  [main] 	Running with Administrator rights - good!
9:34:16 PM  [main] 	XAMPP Installation Directory: "c:\xampp\"
9:34:16 PM  [main] 	Checking for prerequisites
9:34:20 PM  [main] 	All prerequisites found
9:34:20 PM  [main] 	Initializing Modules
9:34:20 PM  [main] 	Starting Check-Timer
9:34:20 PM  [main] 	Control Panel Ready
9:34:24 PM  [Apache] 	Attempting to start Apache app...
9:34:24 PM  [Apache] 	Status change detected: running
9:34:25 PM  [mysql] 	Attempting to start MySQL app...
9:34:26 PM  [mysql] 	Status change detected: running
11:48:45 PM  [main] 	Deinitializing Modules
11:48:46 PM  [main] 	Deinitializing Control Panel

10:18:15 PM  [main] 	Initializing Control Panel
10:18:15 PM  [main] 	Windows Version:  Enterprise  64-bit
10:18:15 PM  [main] 	XAMPP Version: 8.2.12
10:18:15 PM  [main] 	Control Panel Version: 3.3.0  [ Compiled: Apr 6th 2021 ]
10:18:15 PM  [main] 	Running with Administrator rights - good!
10:18:15 PM  [main] 	XAMPP Installation Directory: "c:\xampp\"
10:18:15 PM  [main] 	Checking for prerequisites
10:18:17 PM  [main] 	All prerequisites found
10:18:17 PM  [main] 	Initializing Modules
10:18:17 PM  [main] 	Starting Check-Timer
10:18:17 PM  [main] 	Control Panel Ready
10:18:19 PM  [Apache] 	Attempting to start Apache app...
10:18:19 PM  [Apache] 	Status change detected: running
10:18:20 PM  [mysql] 	Attempting to start MySQL app...
10:18:21 PM  [mysql] 	Status change detected: running
7:37:48 PM  [main] 	Deinitializing Modules
7:37:48 PM  [main] 	Deinitializing Control Panel

